num_thr=2
0
Plus
MODE SYN
1SYNTH

1 work stole
Plus
MODE SYN
SYNTH
Plus
Plus
MODE PLUS
Int
MODE SYN
SYNTH
End
Int
0 New current
Int
Int
MODE SYN
SYNTH
End
Int
0 New current
Plus
Plus
MODE PLUS
Dependency done
Int
Int
End
Plus
0 New current
Plus
deleting thr
deleting thr
Plus
MODE SYN
SYNTH
Int
MODE SYN
SYNTH
End
Int
0 New current
Int
Int
MODE SYN
SYNTH
End
Int
0 New current
Plus
Plus
MODE PLUS
Dependency done
Int
Int
End
Plus
0 work stealing with count=1
Dependency done
Int
Int
End
Plus
Ending completely
deleting thr
deleting thr
deleting thr
Yabo
Int
deleting thr
deleting thr
Deleting plus
Deleting plus
Deleting plus
